This file contains any messages produced by compilers while
running configure, to aid debugging if configure makes a mistake.

It was created by libaacplus configure 2.0.2, which was
generated by GNU Autoconf 2.71.  Invocation command line was

  $ ./configure --enable-shared --enable-static

## --------- ##
## Platform. ##
## --------- ##

hostname = nst38.future.test
uname -m = x86_64
uname -r = 6.7.5-100.fc38.x86_64
uname -s = Linux
uname -v = #1 SMP PREEMPT_DYNAMIC Sat Feb 17 17:21:49 UTC 2024

/usr/bin/uname -p = unknown
/bin/uname -X     = unknown

/bin/arch              = x86_64
/usr/bin/arch -k       = unknown
/usr/convex/getsysinfo = unknown
/usr/bin/hostinfo      = unknown
/bin/machine           = unknown
/usr/bin/oslevel       = unknown
/bin/universe          = unknown

PATH: /home/keith/.local/bin/
PATH: /home/keith/bin/
PATH: /usr/lib/qtchooser/
PATH: /usr/local/bin/
PATH: /usr/bin/
PATH: /usr/local/sbin/
PATH: /usr/sbin/
PATH: /home/keith/.composer/vendor/bin/


## ----------- ##
## Core tests. ##
## ----------- ##

configure:2613: looking for aux files: ltmain.sh config.guess config.sub compile missing install-sh
configure:2626:  trying ./
configure:2655:   ./ltmain.sh found
configure:2655:   ./config.guess found
configure:2655:   ./config.sub found
configure:2655:   ./compile found
configure:2655:   ./missing found
configure:2637:   ./install-sh found
configure:2785: checking for a BSD-compatible install
configure:2858: result: /usr/bin/install -c
configure:2869: checking whether build environment is sane
configure:2924: result: yes
configure:3083: checking for a race-free mkdir -p
configure:3127: result: /usr/bin/mkdir -p
configure:3134: checking for gawk
configure:3155: found /usr/bin/gawk
configure:3166: result: gawk
configure:3177: checking whether make sets $(MAKE)
configure:3200: result: yes
configure:3230: checking whether make supports nested variables
configure:3248: result: yes
configure:3451: checking for gcc
configure:3472: found /usr/bin/gcc
configure:3483: result: gcc
configure:3836: checking for C compiler version
configure:3845: gcc --version >&5
gcc (GCC) 13.2.1 20240316 (Red Hat 13.2.1-7)
Copyright (C) 2023 Free Software Foundation, Inc.
This is free software; see the source for copying conditions.  There is NO
warranty; not even for MERCHANTABILITY or FITNESS FOR A PARTICULAR PURPOSE.

configure:3856: $? = 0
configure:3845: gcc -v >&5
Using built-in specs.
COLLECT_GCC=gcc
COLLECT_LTO_WRAPPER=/usr/libexec/gcc/x86_64-redhat-linux/13/lto-wrapper
OFFLOAD_TARGET_NAMES=nvptx-none
OFFLOAD_TARGET_DEFAULT=1
Target: x86_64-redhat-linux
Configured with: ../configure --enable-bootstrap --enable-languages=c,c++,fortran,objc,obj-c++,ada,go,d,m2,lto --prefix=/usr --mandir=/usr/share/man --infodir=/usr/share/info --with-bugurl=http://bugzilla.redhat.com/bugzilla --enable-shared --enable-threads=posix --enable-checking=release --enable-multilib --with-system-zlib --enable-__cxa_atexit --disable-libunwind-exceptions --enable-gnu-unique-object --enable-linker-build-id --with-gcc-major-version-only --enable-libstdcxx-backtrace --with-libstdcxx-zoneinfo=/usr/share/zoneinfo --with-linker-hash-style=gnu --enable-plugin --enable-initfini-array --with-isl=/builddir/build/BUILD/gcc-13.2.1-20240316/obj-x86_64-redhat-linux/isl-install --enable-offload-targets=nvptx-none --without-cuda-driver --enable-offload-defaulted --enable-gnu-indirect-function --enable-cet --with-tune=generic --with-arch_32=i686 --build=x86_64-redhat-linux --with-build-config=bootstrap-lto --enable-link-serialization=1
Thread model: posix
Supported LTO compression algorithms: zlib zstd
gcc version 13.2.1 20240316 (Red Hat 13.2.1-7) (GCC) 
... rest of stderr output deleted ...
configure:3856: $? = 0
configure:3845: gcc -V >&5
gcc: error: unrecognized command-line option '-V'
gcc: fatal error: no input files
compilation terminated.
configure:3856: $? = 1
configure:3845: gcc -qversion >&5
gcc: error: unrecognized command-line option '-qversion'; did you mean '--version'?
gcc: fatal error: no input files
compilation terminated.
configure:3856: $? = 1
configure:3845: gcc -version >&5
gcc: error: unrecognized command-line option '-version'
gcc: fatal error: no input files
compilation terminated.
configure:3856: $? = 1
configure:3876: checking whether the C compiler works
configure:3898: gcc    conftest.c  >&5
configure:3902: $? = 0
configure:3952: result: yes
configure:3955: checking for C compiler default output file name
configure:3957: result: a.out
configure:3963: checking for suffix of executables
configure:3970: gcc -o conftest    conftest.c  >&5
configure:3974: $? = 0
configure:3997: result: 
configure:4019: checking whether we are cross compiling
configure:4027: gcc -o conftest    conftest.c  >&5
configure:4031: $? = 0
configure:4038: ./conftest
configure:4042: $? = 0
configure:4057: result: no
configure:4062: checking for suffix of object files
configure:4085: gcc -c   conftest.c >&5
configure:4089: $? = 0
configure:4111: result: o
configure:4115: checking whether the compiler supports GNU C
configure:4135: gcc -c   conftest.c >&5
configure:4135: $? = 0
configure:4145: result: yes
configure:4156: checking whether gcc accepts -g
configure:4177: gcc -c -g  conftest.c >&5
configure:4177: $? = 0
configure:4221: result: yes
configure:4241: checking for gcc option to enable C11 features
configure:4256: gcc  -c -g -O2  conftest.c >&5
configure:4256: $? = 0
configure:4274: result: none needed
configure:4390: checking whether gcc understands -c and -o together
configure:4413: gcc -c conftest.c -o conftest2.o
configure:4416: $? = 0
configure:4413: gcc -c conftest.c -o conftest2.o
configure:4416: $? = 0
configure:4428: result: yes
configure:4448: checking whether make supports the include directive
configure:4463: make -f confmf.GNU && cat confinc.out
this is the am__doit target
configure:4466: $? = 0
configure:4485: result: yes (GNU style)
configure:4511: checking dependency style of gcc
configure:4623: result: gcc3
configure:4644: checking how to run the C preprocessor
configure:4670: gcc -E  conftest.c
configure:4670: $? = 0
configure:4685: gcc -E  conftest.c
conftest.c:11:10: fatal error: ac_nonexistent.h: No such file or directory
   11 | #include <ac_nonexistent.h>
      |          ^~~~~~~~~~~~~~~~~~
compilation terminated.
configure:4685: $? = 1
configure: failed program was:
| /* confdefs.h */
| #define PACKAGE_NAME "libaacplus"
| #define PACKAGE_TARNAME "libaacplus"
| #define PACKAGE_VERSION "2.0.2"
| #define PACKAGE_STRING "libaacplus 2.0.2"
| #define PACKAGE_BUGREPORT "Sergiy Guriev <piratfm@ua.fm>"
| #define PACKAGE_URL ""
| #define PACKAGE "libaacplus"
| #define VERSION "2.0.2"
| /* end confdefs.h.  */
| #include <ac_nonexistent.h>
configure:4712: result: gcc -E
configure:4726: gcc -E  conftest.c
configure:4726: $? = 0
configure:4741: gcc -E  conftest.c
conftest.c:11:10: fatal error: ac_nonexistent.h: No such file or directory
   11 | #include <ac_nonexistent.h>
      |          ^~~~~~~~~~~~~~~~~~
compilation terminated.
configure:4741: $? = 1
configure: failed program was:
| /* confdefs.h */
| #define PACKAGE_NAME "libaacplus"
| #define PACKAGE_TARNAME "libaacplus"
| #define PACKAGE_VERSION "2.0.2"
| #define PACKAGE_STRING "libaacplus 2.0.2"
| #define PACKAGE_BUGREPORT "Sergiy Guriev <piratfm@ua.fm>"
| #define PACKAGE_URL ""
| #define PACKAGE "libaacplus"
| #define VERSION "2.0.2"
| /* end confdefs.h.  */
| #include <ac_nonexistent.h>
configure:4772: checking whether ln -s works
configure:4776: result: yes
configure:4783: checking whether make sets $(MAKE)
configure:4806: result: yes
configure:4821: checking build system type
configure:4836: result: x86_64-unknown-linux-gnu
configure:4856: checking host system type
configure:4870: result: x86_64-unknown-linux-gnu
configure:5270: checking how to print strings
configure:5297: result: printf
configure:5318: checking for a sed that does not truncate output
configure:5388: result: /usr/bin/sed
configure:5406: checking for grep that handles long lines and -e
configure:5470: result: /usr/bin/grep
configure:5475: checking for egrep
configure:5543: result: /usr/bin/grep -E
configure:5548: checking for fgrep
configure:5616: result: /usr/bin/grep -F
configure:5652: checking for ld used by gcc
configure:5720: result: /usr/bin/ld
configure:5727: checking if the linker (/usr/bin/ld) is GNU ld
configure:5743: result: yes
configure:5755: checking for BSD- or MS-compatible name lister (nm)
configure:5810: result: /usr/bin/nm -B
configure:5950: checking the name lister (/usr/bin/nm -B) interface
configure:5958: gcc -c -g -O2  conftest.c >&5
configure:5961: /usr/bin/nm -B "conftest.o"
configure:5964: output
0000000000000000 B some_variable
configure:5971: result: BSD nm
configure:5975: checking the maximum length of command line arguments
configure:6107: result: 1572864
configure:6155: checking how to convert x86_64-unknown-linux-gnu file names to x86_64-unknown-linux-gnu format
configure:6196: result: func_convert_file_noop
configure:6203: checking how to convert x86_64-unknown-linux-gnu file names to toolchain format
configure:6224: result: func_convert_file_noop
configure:6231: checking for /usr/bin/ld option to reload object files
configure:6239: result: -r
configure:6318: checking for file
configure:6339: found /usr/bin/file
configure:6350: result: file
configure:6426: checking for objdump
configure:6458: result: objdump
configure:6487: checking how to recognize dependent libraries
configure:6688: result: pass_all
configure:6778: checking for dlltool
configure:6810: result: dlltool
configure:6840: checking how to associate runtime and link libraries
configure:6868: result: printf %s\n
configure:6934: checking for ar
configure:6955: found /usr/bin/ar
configure:6966: result: ar
configure:7019: checking for archiver @FILE support
configure:7037: gcc -c -g -O2  conftest.c >&5
configure:7037: $? = 0
configure:7041: ar cr libconftest.a @conftest.lst >&5
configure:7044: $? = 0
configure:7049: ar cr libconftest.a @conftest.lst >&5
ar: conftest.o: No such file or directory
configure:7052: $? = 1
configure:7064: result: @
configure:7127: checking for strip
configure:7148: found /usr/bin/strip
configure:7159: result: strip
configure:7236: checking for ranlib
configure:7257: found /usr/bin/ranlib
configure:7268: result: ranlib
configure:7370: checking command to parse /usr/bin/nm -B output from gcc object
configure:7524: gcc -c -g -O2  conftest.c >&5
configure:7527: $? = 0
configure:7531: /usr/bin/nm -B conftest.o \| /usr/bin/sed -n -e 's/^.*[ ]\([ABCDGIRSTW][ABCDGIRSTW]*\)[ ][ ]*\([_A-Za-z][_A-Za-z0-9]*\)$/\1 \2 \2/p' | /usr/bin/sed '/ __gnu_lto/d' \> conftest.nm
configure:7534: $? = 0
configure:7600: gcc -o conftest -g -O2   conftest.c conftstm.o >&5
configure:7603: $? = 0
configure:7641: result: ok
configure:7688: checking for sysroot
configure:7719: result: no
configure:7726: checking for a working dd
configure:7770: result: /usr/bin/dd
configure:7774: checking how to truncate binary pipes
configure:7790: result: /usr/bin/dd bs=4096 count=1
configure:7927: gcc -c -g -O2  conftest.c >&5
configure:7930: $? = 0
configure:8127: checking for mt
configure:8148: found /usr/bin/mt
configure:8159: result: mt
configure:8182: checking if mt is a manifest tool
configure:8189: mt '-?'
usage: mt [-v] [--version] [-h] [ -f device ] command [ count ]
default tape device: /dev/tape
configure:8197: result: no
configure:8922: checking for stdio.h
configure:8922: gcc -c -g -O2  conftest.c >&5
configure:8922: $? = 0
configure:8922: result: yes
configure:8922: checking for stdlib.h
configure:8922: gcc -c -g -O2  conftest.c >&5
configure:8922: $? = 0
configure:8922: result: yes
configure:8922: checking for string.h
configure:8922: gcc -c -g -O2  conftest.c >&5
configure:8922: $? = 0
configure:8922: result: yes
configure:8922: checking for inttypes.h
configure:8922: gcc -c -g -O2  conftest.c >&5
configure:8922: $? = 0
configure:8922: result: yes
configure:8922: checking for stdint.h
configure:8922: gcc -c -g -O2  conftest.c >&5
configure:8922: $? = 0
configure:8922: result: yes
configure:8922: checking for strings.h
configure:8922: gcc -c -g -O2  conftest.c >&5
configure:8922: $? = 0
configure:8922: result: yes
configure:8922: checking for sys/stat.h
configure:8922: gcc -c -g -O2  conftest.c >&5
configure:8922: $? = 0
configure:8922: result: yes
configure:8922: checking for sys/types.h
configure:8922: gcc -c -g -O2  conftest.c >&5
configure:8922: $? = 0
configure:8922: result: yes
configure:8922: checking for unistd.h
configure:8922: gcc -c -g -O2  conftest.c >&5
configure:8922: $? = 0
configure:8922: result: yes
configure:8947: checking for dlfcn.h
configure:8947: gcc -c -g -O2  conftest.c >&5
configure:8947: $? = 0
configure:8947: result: yes
configure:9204: checking for objdir
configure:9220: result: .libs
configure:9484: checking if gcc supports -fno-rtti -fno-exceptions
configure:9503: gcc -c -g -O2  -fno-rtti -fno-exceptions conftest.c >&5
cc1: warning: command-line option '-fno-rtti' is valid for C++/D/ObjC++ but not for C
configure:9507: $? = 0
configure:9520: result: no
configure:9878: checking for gcc option to produce PIC
configure:9886: result: -fPIC -DPIC
configure:9894: checking if gcc PIC flag -fPIC -DPIC works
configure:9913: gcc -c -g -O2  -fPIC -DPIC -DPIC conftest.c >&5
configure:9917: $? = 0
configure:9930: result: yes
configure:9959: checking if gcc static flag -static works
configure:9988: result: no
configure:10003: checking if gcc supports -c -o file.o
configure:10025: gcc -c -g -O2  -o out/conftest2.o conftest.c >&5
configure:10029: $? = 0
configure:10051: result: yes
configure:10059: checking if gcc supports -c -o file.o
configure:10107: result: yes
configure:10140: checking whether the gcc linker (/usr/bin/ld -m elf_x86_64) supports shared libraries
configure:11408: result: yes
configure:11445: checking whether -lc should be explicitly linked in
configure:11454: gcc -c -g -O2  conftest.c >&5
configure:11457: $? = 0
configure:11472: gcc -shared  -fPIC -DPIC conftest.o  -v -Wl,-soname -Wl,conftest -o conftest 2\>\&1 \| /usr/bin/grep  -lc  \>/dev/null 2\>\&1
configure:11475: $? = 0
configure:11489: result: no
configure:11649: checking dynamic linker characteristics
configure:12231: gcc -o conftest -g -O2   -Wl,-rpath -Wl,/foo conftest.c  >&5
configure:12231: $? = 0
configure:12473: result: GNU/Linux ld.so
configure:12595: checking how to hardcode library paths into programs
configure:12620: result: immediate
configure:13172: checking whether stripping libraries is possible
configure:13181: result: yes
configure:13223: checking if libtool supports shared libraries
configure:13225: result: yes
configure:13228: checking whether to build shared libraries
configure:13253: result: yes
configure:13256: checking whether to build static libraries
configure:13260: result: yes
configure:13299: checking for unzip
configure:13322: found /usr/bin/unzip
configure:13334: result: /usr/bin/unzip
configure:13347: checking for patch
configure:13370: found /usr/bin/patch
configure:13382: result: /usr/bin/patch
configure:13404: checking for /bin/bash
configure:13418: result: yes
configure:13556: checking for parameter expansion string replace capable shell
configure:13573: result: /bin/bash
configure:13600: checking for wget
configure:13623: found /usr/bin/wget
configure:13635: result: /usr/bin/wget
configure:13650: checking for web downloading command
configure:13680: result: /usr/bin/wget -N
configure:13694: checking for library containing sqrt
configure:13724: gcc -o conftest -g -O2   conftest.c  >&5
conftest.c:27:6: warning: conflicting types for built-in function 'sqrt'; expected 'double(double)' [-Wbuiltin-declaration-mismatch]
   27 | char sqrt ();
      |      ^~~~
conftest.c:1:1: note: 'sqrt' is declared in header '<math.h>'
    1 | /* confdefs.h */
/usr/bin/ld: /tmp/cccPMO5q.o: in function `main':
/home/keith/Git/libaacplus/conftest.c:31: undefined reference to `sqrt'
collect2: error: ld returned 1 exit status
configure:13724: $? = 1
configure: failed program was:
| /* confdefs.h */
| #define PACKAGE_NAME "libaacplus"
| #define PACKAGE_TARNAME "libaacplus"
| #define PACKAGE_VERSION "2.0.2"
| #define PACKAGE_STRING "libaacplus 2.0.2"
| #define PACKAGE_BUGREPORT "Sergiy Guriev <piratfm@ua.fm>"
| #define PACKAGE_URL ""
| #define PACKAGE "libaacplus"
| #define VERSION "2.0.2"
| #define HAVE_STDIO_H 1
| #define HAVE_STDLIB_H 1
| #define HAVE_STRING_H 1
| #define HAVE_INTTYPES_H 1
| #define HAVE_STDINT_H 1
| #define HAVE_STRINGS_H 1
| #define HAVE_SYS_STAT_H 1
| #define HAVE_SYS_TYPES_H 1
| #define HAVE_UNISTD_H 1
| #define STDC_HEADERS 1
| #define HAVE_DLFCN_H 1
| #define LT_OBJDIR ".libs/"
| /* end confdefs.h.  */
| 
| /* Override any GCC internal prototype to avoid an error.
|    Use char because int might match the return type of a GCC
|    builtin and then its argument prototype would still apply.  */
| char sqrt ();
| int
| main (void)
| {
| return sqrt ();
|   ;
|   return 0;
| }
configure:13724: gcc -o conftest -g -O2   conftest.c -lm   >&5
conftest.c:27:6: warning: conflicting types for built-in function 'sqrt'; expected 'double(double)' [-Wbuiltin-declaration-mismatch]
   27 | char sqrt ();
      |      ^~~~
conftest.c:1:1: note: 'sqrt' is declared in header '<math.h>'
    1 | /* confdefs.h */
configure:13724: $? = 0
configure:13744: result: -lm
configure:13758: checking for egrep
configure:13826: result: /usr/bin/grep -E
configure:13835: checking for float.h
configure:13835: gcc -c -g -O2  conftest.c >&5
configure:13835: $? = 0
configure:13835: result: yes
configure:13835: checking for memory.h
configure:13835: gcc -c -g -O2  conftest.c >&5
configure:13835: $? = 0
configure:13835: result: yes
configure:13835: checking for stdint.h
configure:13835: result: yes
configure:13835: checking for stdlib.h
configure:13835: result: yes
configure:13835: checking for string.h
configure:13835: result: yes
configure:13851: checking for an ANSI C-conforming const
configure:13918: gcc -c -g -O2  conftest.c >&5
configure:13918: $? = 0
configure:13926: result: yes
configure:13934: checking for int16_t
configure:13934: gcc -c -g -O2  conftest.c >&5
configure:13934: $? = 0
configure:13934: gcc -c -g -O2  conftest.c >&5
conftest.c: In function 'main':
conftest.c:60:12: error: size of array 'test_array' is negative
   60 | static int test_array [1 - 2 * !((int16_t) (((((int16_t) 1 << N) << N) - 1) * 2 + 1)
      |            ^~~~~~~~~~
configure:13934: $? = 1
configure: failed program was:
| /* confdefs.h */
| #define PACKAGE_NAME "libaacplus"
| #define PACKAGE_TARNAME "libaacplus"
| #define PACKAGE_VERSION "2.0.2"
| #define PACKAGE_STRING "libaacplus 2.0.2"
| #define PACKAGE_BUGREPORT "Sergiy Guriev <piratfm@ua.fm>"
| #define PACKAGE_URL ""
| #define PACKAGE "libaacplus"
| #define VERSION "2.0.2"
| #define HAVE_STDIO_H 1
| #define HAVE_STDLIB_H 1
| #define HAVE_STRING_H 1
| #define HAVE_INTTYPES_H 1
| #define HAVE_STDINT_H 1
| #define HAVE_STRINGS_H 1
| #define HAVE_SYS_STAT_H 1
| #define HAVE_SYS_TYPES_H 1
| #define HAVE_UNISTD_H 1
| #define STDC_HEADERS 1
| #define HAVE_DLFCN_H 1
| #define LT_OBJDIR ".libs/"
| #define HAVE_FLOAT_H 1
| #define HAVE_MEMORY_H 1
| #define HAVE_STDINT_H 1
| #define HAVE_STDLIB_H 1
| #define HAVE_STRING_H 1
| /* end confdefs.h.  */
| #include <stddef.h>
| #ifdef HAVE_STDIO_H
| # include <stdio.h>
| #endif
| #ifdef HAVE_STDLIB_H
| # include <stdlib.h>
| #endif
| #ifdef HAVE_STRING_H
| # include <string.h>
| #endif
| #ifdef HAVE_INTTYPES_H
| # include <inttypes.h>
| #endif
| #ifdef HAVE_STDINT_H
| # include <stdint.h>
| #endif
| #ifdef HAVE_STRINGS_H
| # include <strings.h>
| #endif
| #ifdef HAVE_SYS_TYPES_H
| # include <sys/types.h>
| #endif
| #ifdef HAVE_SYS_STAT_H
| # include <sys/stat.h>
| #endif
| #ifdef HAVE_UNISTD_H
| # include <unistd.h>
| #endif
| 	        enum { N = 16 / 2 - 1 };
| int
| main (void)
| {
| static int test_array [1 - 2 * !((int16_t) (((((int16_t) 1 << N) << N) - 1) * 2 + 1)
| 		 < (int16_t) (((((int16_t) 1 << N) << N) - 1) * 2 + 2))];
| test_array [0] = 0;
| return test_array [0];
| 
|   ;
|   return 0;
| }
configure:13934: result: yes
configure:13943: checking for int32_t
configure:13943: gcc -c -g -O2  conftest.c >&5
configure:13943: $? = 0
configure:13943: gcc -c -g -O2  conftest.c >&5
conftest.c: In function 'main':
conftest.c:61:67: warning: integer overflow in expression of type 'int' results in '-2147483648' [-Woverflow]
   61 |                  < (int32_t) (((((int32_t) 1 << N) << N) - 1) * 2 + 2))];
      |                                                                   ^
conftest.c:60:12: error: storage size of 'test_array' isn't constant
   60 | static int test_array [1 - 2 * !((int32_t) (((((int32_t) 1 << N) << N) - 1) * 2 + 1)
      |            ^~~~~~~~~~
configure:13943: $? = 1
configure: failed program was:
| /* confdefs.h */
| #define PACKAGE_NAME "libaacplus"
| #define PACKAGE_TARNAME "libaacplus"
| #define PACKAGE_VERSION "2.0.2"
| #define PACKAGE_STRING "libaacplus 2.0.2"
| #define PACKAGE_BUGREPORT "Sergiy Guriev <piratfm@ua.fm>"
| #define PACKAGE_URL ""
| #define PACKAGE "libaacplus"
| #define VERSION "2.0.2"
| #define HAVE_STDIO_H 1
| #define HAVE_STDLIB_H 1
| #define HAVE_STRING_H 1
| #define HAVE_INTTYPES_H 1
| #define HAVE_STDINT_H 1
| #define HAVE_STRINGS_H 1
| #define HAVE_SYS_STAT_H 1
| #define HAVE_SYS_TYPES_H 1
| #define HAVE_UNISTD_H 1
| #define STDC_HEADERS 1
| #define HAVE_DLFCN_H 1
| #define LT_OBJDIR ".libs/"
| #define HAVE_FLOAT_H 1
| #define HAVE_MEMORY_H 1
| #define HAVE_STDINT_H 1
| #define HAVE_STDLIB_H 1
| #define HAVE_STRING_H 1
| /* end confdefs.h.  */
| #include <stddef.h>
| #ifdef HAVE_STDIO_H
| # include <stdio.h>
| #endif
| #ifdef HAVE_STDLIB_H
| # include <stdlib.h>
| #endif
| #ifdef HAVE_STRING_H
| # include <string.h>
| #endif
| #ifdef HAVE_INTTYPES_H
| # include <inttypes.h>
| #endif
| #ifdef HAVE_STDINT_H
| # include <stdint.h>
| #endif
| #ifdef HAVE_STRINGS_H
| # include <strings.h>
| #endif
| #ifdef HAVE_SYS_TYPES_H
| # include <sys/types.h>
| #endif
| #ifdef HAVE_SYS_STAT_H
| # include <sys/stat.h>
| #endif
| #ifdef HAVE_UNISTD_H
| # include <unistd.h>
| #endif
| 	        enum { N = 32 / 2 - 1 };
| int
| main (void)
| {
| static int test_array [1 - 2 * !((int32_t) (((((int32_t) 1 << N) << N) - 1) * 2 + 1)
| 		 < (int32_t) (((((int32_t) 1 << N) << N) - 1) * 2 + 2))];
| test_array [0] = 0;
| return test_array [0];
| 
|   ;
|   return 0;
| }
configure:13943: result: yes
configure:13952: checking for int8_t
configure:13952: gcc -c -g -O2  conftest.c >&5
configure:13952: $? = 0
configure:13952: gcc -c -g -O2  conftest.c >&5
conftest.c: In function 'main':
conftest.c:60:12: error: size of array 'test_array' is negative
   60 | static int test_array [1 - 2 * !((int8_t) (((((int8_t) 1 << N) << N) - 1) * 2 + 1)
      |            ^~~~~~~~~~
configure:13952: $? = 1
configure: failed program was:
| /* confdefs.h */
| #define PACKAGE_NAME "libaacplus"
| #define PACKAGE_TARNAME "libaacplus"
| #define PACKAGE_VERSION "2.0.2"
| #define PACKAGE_STRING "libaacplus 2.0.2"
| #define PACKAGE_BUGREPORT "Sergiy Guriev <piratfm@ua.fm>"
| #define PACKAGE_URL ""
| #define PACKAGE "libaacplus"
| #define VERSION "2.0.2"
| #define HAVE_STDIO_H 1
| #define HAVE_STDLIB_H 1
| #define HAVE_STRING_H 1
| #define HAVE_INTTYPES_H 1
| #define HAVE_STDINT_H 1
| #define HAVE_STRINGS_H 1
| #define HAVE_SYS_STAT_H 1
| #define HAVE_SYS_TYPES_H 1
| #define HAVE_UNISTD_H 1
| #define STDC_HEADERS 1
| #define HAVE_DLFCN_H 1
| #define LT_OBJDIR ".libs/"
| #define HAVE_FLOAT_H 1
| #define HAVE_MEMORY_H 1
| #define HAVE_STDINT_H 1
| #define HAVE_STDLIB_H 1
| #define HAVE_STRING_H 1
| /* end confdefs.h.  */
| #include <stddef.h>
| #ifdef HAVE_STDIO_H
| # include <stdio.h>
| #endif
| #ifdef HAVE_STDLIB_H
| # include <stdlib.h>
| #endif
| #ifdef HAVE_STRING_H
| # include <string.h>
| #endif
| #ifdef HAVE_INTTYPES_H
| # include <inttypes.h>
| #endif
| #ifdef HAVE_STDINT_H
| # include <stdint.h>
| #endif
| #ifdef HAVE_STRINGS_H
| # include <strings.h>
| #endif
| #ifdef HAVE_SYS_TYPES_H
| # include <sys/types.h>
| #endif
| #ifdef HAVE_SYS_STAT_H
| # include <sys/stat.h>
| #endif
| #ifdef HAVE_UNISTD_H
| # include <unistd.h>
| #endif
| 	        enum { N = 8 / 2 - 1 };
| int
| main (void)
| {
| static int test_array [1 - 2 * !((int8_t) (((((int8_t) 1 << N) << N) - 1) * 2 + 1)
| 		 < (int8_t) (((((int8_t) 1 << N) << N) - 1) * 2 + 2))];
| test_array [0] = 0;
| return test_array [0];
| 
|   ;
|   return 0;
| }
configure:13952: result: yes
configure:13961: checking for uint16_t
configure:13961: gcc -c -g -O2  conftest.c >&5
configure:13961: $? = 0
configure:13961: result: yes
configure:13973: checking for GNU libc compatible malloc
configure:14005: gcc -o conftest -g -O2   conftest.c -lm  >&5
configure:14005: $? = 0
configure:14005: ./conftest
configure:14005: $? = 0
configure:14016: result: yes
configure:14038: checking for working memcmp
configure:14083: gcc -o conftest -g -O2   conftest.c -lm  >&5
configure:14083: $? = 0
configure:14083: ./conftest
configure:14083: $? = 0
configure:14094: result: yes
configure:14107: checking for floor
configure:14107: gcc -o conftest -g -O2   conftest.c -lm  >&5
conftest.c:45:6: warning: conflicting types for built-in function 'floor'; expected 'double(double)' [-Wbuiltin-declaration-mismatch]
   45 | char floor ();
      |      ^~~~~
conftest.c:37:1: note: 'floor' is declared in header '<math.h>'
   36 | #include <limits.h>
   37 | #undef floor
configure:14107: $? = 0
configure:14107: result: yes
configure:14107: checking for memmove
configure:14107: gcc -o conftest -g -O2   conftest.c -lm  >&5
conftest.c:46:6: warning: conflicting types for built-in function 'memmove'; expected 'void *(void *, const void *, long unsigned int)' [-Wbuiltin-declaration-mismatch]
   46 | char memmove ();
      |      ^~~~~~~
conftest.c:38:1: note: 'memmove' is declared in header '<string.h>'
   37 | #include <limits.h>
   38 | #undef memmove
configure:14107: $? = 0
configure:14107: result: yes
configure:14107: checking for memset
configure:14107: gcc -o conftest -g -O2   conftest.c -lm  >&5
conftest.c:47:6: warning: conflicting types for built-in function 'memset'; expected 'void *(void *, int,  long unsigned int)' [-Wbuiltin-declaration-mismatch]
   47 | char memset ();
      |      ^~~~~~
conftest.c:39:1: note: 'memset' is declared in header '<string.h>'
   38 | #include <limits.h>
   39 | #undef memset
configure:14107: $? = 0
configure:14107: result: yes
configure:14107: checking for pow
configure:14107: gcc -o conftest -g -O2   conftest.c -lm  >&5
conftest.c:48:6: warning: conflicting types for built-in function 'pow'; expected 'double(double,  double)' [-Wbuiltin-declaration-mismatch]
   48 | char pow ();
      |      ^~~
conftest.c:40:1: note: 'pow' is declared in header '<math.h>'
   39 | #include <limits.h>
   40 | #undef pow
configure:14107: $? = 0
configure:14107: result: yes
configure:14107: checking for sqrt
configure:14107: gcc -o conftest -g -O2   conftest.c -lm  >&5
conftest.c:49:6: warning: conflicting types for built-in function 'sqrt'; expected 'double(double)' [-Wbuiltin-declaration-mismatch]
   49 | char sqrt ();
      |      ^~~~
conftest.c:41:1: note: 'sqrt' is declared in header '<math.h>'
   40 | #include <limits.h>
   41 | #undef sqrt
configure:14107: $? = 0
configure:14107: result: yes
configure:14147: checking for fftw3 library at /usr 
configure:14176: WARNING: not found
configure:14179: checking for fftw3 library at /usr/local 
configure:14222: WARNING: not found, building without fftw3
configure:14244: checking for pkg-config
configure:14265: found /usr/bin/pkg-config
configure:14277: result: yes
configure:14423: checking that generated files are newer than configure
configure:14429: result: done
configure:14456: creating ./config.status

## ---------------------- ##
## Running config.status. ##
## ---------------------- ##

This file was extended by libaacplus config.status 2.0.2, which was
generated by GNU Autoconf 2.71.  Invocation command line was

  CONFIG_FILES    = 
  CONFIG_HEADERS  = 
  CONFIG_LINKS    = 
  CONFIG_COMMANDS = 
  $ ./config.status 

on nst38.future.test

config.status:1125: creating aacplus.spec
config.status:1125: creating aacplus-config
config.status:1233: WARNING:  'aacplus-config.in' seems to ignore the --datarootdir setting
config.status:1125: creating aacplus.pc
config.status:1125: creating Makefile
config.status:1125: creating src/Makefile
config.status:1125: creating patches/Makefile
config.status:1125: creating include/Makefile
config.status:1125: creating frontend/Makefile
config.status:1125: creating config.h
config.status:1354: executing depfiles commands
config.status:1431: cd src       && sed -e '/# am--include-marker/d' Makefile         | make -f - am--depfiles
config.status:1436: $? = 0
config.status:1431: cd frontend       && sed -e '/# am--include-marker/d' Makefile         | make -f - am--depfiles
config.status:1436: $? = 0
config.status:1354: executing libtool commands

## ---------------- ##
## Cache variables. ##
## ---------------- ##

ac_cv_build=x86_64-unknown-linux-gnu
ac_cv_c_compiler_gnu=yes
ac_cv_c_const=yes
ac_cv_c_int16_t=yes
ac_cv_c_int32_t=yes
ac_cv_c_int8_t=yes
ac_cv_c_uint16_t=yes
ac_cv_downloader_prog='/usr/bin/wget -N'
ac_cv_env_CC_set=
ac_cv_env_CC_value=
ac_cv_env_CFLAGS_set=
ac_cv_env_CFLAGS_value=
ac_cv_env_CPPFLAGS_set=
ac_cv_env_CPPFLAGS_value=
ac_cv_env_CPP_set=
ac_cv_env_CPP_value=
ac_cv_env_LDFLAGS_set=
ac_cv_env_LDFLAGS_value=
ac_cv_env_LIBS_set=
ac_cv_env_LIBS_value=
ac_cv_env_LT_SYS_LIBRARY_PATH_set=
ac_cv_env_LT_SYS_LIBRARY_PATH_value=
ac_cv_env_build_alias_set=
ac_cv_env_build_alias_value=
ac_cv_env_host_alias_set=
ac_cv_env_host_alias_value=
ac_cv_env_target_alias_set=
ac_cv_env_target_alias_value=
ac_cv_file__bin_bash=yes
ac_cv_func_floor=yes
ac_cv_func_malloc_0_nonnull=yes
ac_cv_func_memcmp_working=yes
ac_cv_func_memmove=yes
ac_cv_func_memset=yes
ac_cv_func_pow=yes
ac_cv_func_sqrt=yes
ac_cv_header_dlfcn_h=yes
ac_cv_header_float_h=yes
ac_cv_header_inttypes_h=yes
ac_cv_header_memory_h=yes
ac_cv_header_stdint_h=yes
ac_cv_header_stdio_h=yes
ac_cv_header_stdlib_h=yes
ac_cv_header_string_h=yes
ac_cv_header_strings_h=yes
ac_cv_header_sys_stat_h=yes
ac_cv_header_sys_types_h=yes
ac_cv_header_unistd_h=yes
ac_cv_host=x86_64-unknown-linux-gnu
ac_cv_objext=o
ac_cv_parameter_expansion_string_replace_capable_shell=/bin/bash
ac_cv_path_DOWNLOADER_PROG_CMD=/usr/bin/wget
ac_cv_path_EGREP='/usr/bin/grep -E'
ac_cv_path_FGREP='/usr/bin/grep -F'
ac_cv_path_GREP=/usr/bin/grep
ac_cv_path_PATCH=/usr/bin/patch
ac_cv_path_SED=/usr/bin/sed
ac_cv_path_UNZIP=/usr/bin/unzip
ac_cv_path_install='/usr/bin/install -c'
ac_cv_path_lt_DD=/usr/bin/dd
ac_cv_path_mkdir=/usr/bin/mkdir
ac_cv_prog_AWK=gawk
ac_cv_prog_CPP='gcc -E'
ac_cv_prog_PKGCONFIG=yes
ac_cv_prog_ac_ct_AR=ar
ac_cv_prog_ac_ct_CC=gcc
ac_cv_prog_ac_ct_DLLTOOL=dlltool
ac_cv_prog_ac_ct_FILECMD=file
ac_cv_prog_ac_ct_MANIFEST_TOOL=mt
ac_cv_prog_ac_ct_OBJDUMP=objdump
ac_cv_prog_ac_ct_RANLIB=ranlib
ac_cv_prog_ac_ct_STRIP=strip
ac_cv_prog_cc_c11=
ac_cv_prog_cc_g=yes
ac_cv_prog_cc_stdc=
ac_cv_prog_make_make_set=yes
ac_cv_search_sqrt=-lm
am_cv_CC_dependencies_compiler_type=gcc3
am_cv_make_support_nested_variables=yes
am_cv_prog_cc_c_o=yes
lt_cv_ar_at_file=@
lt_cv_archive_cmds_need_lc=no
lt_cv_deplibs_check_method=pass_all
lt_cv_file_magic_cmd='$MAGIC_CMD'
lt_cv_file_magic_test_file=
lt_cv_ld_reload_flag=-r
lt_cv_nm_interface='BSD nm'
lt_cv_objdir=.libs
lt_cv_path_LD=/usr/bin/ld
lt_cv_path_NM='/usr/bin/nm -B'
lt_cv_path_mainfest_tool=no
lt_cv_prog_compiler_c_o=yes
lt_cv_prog_compiler_pic='-fPIC -DPIC'
lt_cv_prog_compiler_pic_works=yes
lt_cv_prog_compiler_rtti_exceptions=no
lt_cv_prog_compiler_static_works=no
lt_cv_prog_gnu_ld=yes
lt_cv_sharedlib_from_linklib_cmd='printf %s\n'
lt_cv_shlibpath_overrides_runpath=yes
lt_cv_sys_global_symbol_pipe='/usr/bin/sed -n -e '\''s/^.*[	 ]\([ABCDGIRSTW][ABCDGIRSTW]*\)[	 ][	 ]*\([_A-Za-z][_A-Za-z0-9]*\)$/\1 \2 \2/p'\'' | /usr/bin/sed '\''/ __gnu_lto/d'\'''
lt_cv_sys_global_symbol_to_c_name_address='/usr/bin/sed -n -e '\''s/^: \(.*\) .*$/  {"\1", (void *) 0},/p'\'' -e '\''s/^[ABCDGIRSTW][ABCDGIRSTW]* .* \(.*\)$/  {"\1", (void *) \&\1},/p'\'''
lt_cv_sys_global_symbol_to_c_name_address_lib_prefix='/usr/bin/sed -n -e '\''s/^: \(.*\) .*$/  {"\1", (void *) 0},/p'\'' -e '\''s/^[ABCDGIRSTW][ABCDGIRSTW]* .* \(lib.*\)$/  {"\1", (void *) \&\1},/p'\'' -e '\''s/^[ABCDGIRSTW][ABCDGIRSTW]* .* \(.*\)$/  {"lib\1", (void *) \&\1},/p'\'''
lt_cv_sys_global_symbol_to_cdecl='/usr/bin/sed -n -e '\''s/^T .* \(.*\)$/extern int \1();/p'\'' -e '\''s/^[ABCDGIRSTW][ABCDGIRSTW]* .* \(.*\)$/extern char \1;/p'\'''
lt_cv_sys_global_symbol_to_import=
lt_cv_sys_max_cmd_len=1572864
lt_cv_to_host_file_cmd=func_convert_file_noop
lt_cv_to_tool_file_cmd=func_convert_file_noop
lt_cv_truncate_bin='/usr/bin/dd bs=4096 count=1'

## ----------------- ##
## Output variables. ##
## ----------------- ##

AACPLUS_CFLAGS=''
AACPLUS_CPPFLAGS='-I '
AACPLUS_LIBS='-laacplus -lm '
AACPLUS_REQUIRES=''
ACLOCAL='${SHELL} '\''/home/keith/Git/libaacplus/missing'\'' aclocal-1.16'
AMDEPBACKSLASH='\'
AMDEP_FALSE='#'
AMDEP_TRUE=''
AMTAR='$${TAR-tar}'
AM_BACKSLASH='\'
AM_DEFAULT_V='$(AM_DEFAULT_VERBOSITY)'
AM_DEFAULT_VERBOSITY='1'
AM_V='$(V)'
AR='ar'
AS='as'
ASH=''
AUTOCONF='${SHELL} '\''/home/keith/Git/libaacplus/missing'\'' autoconf'
AUTOHEADER='${SHELL} '\''/home/keith/Git/libaacplus/missing'\'' autoheader'
AUTOMAKE='${SHELL} '\''/home/keith/Git/libaacplus/missing'\'' automake-1.16'
AWK='gawk'
BASH='/bin/bash'
CC='gcc'
CCDEPMODE='depmode=gcc3'
CFLAGS='-g -O2'
CPP='gcc -E'
CPPFLAGS=''
CSCOPE='cscope'
CTAGS='ctags'
CYGPATH_W='echo'
DEBUG=''
DEFS='-DHAVE_CONFIG_H'
DEPDIR='.deps'
DLLTOOL='dlltool'
DOWNLOADER_PROG='/usr/bin/wget -N'
DOWNLOADER_PROG_CMD='/usr/bin/wget'
DSYMUTIL=''
DUMPBIN=''
ECHO_C=''
ECHO_N='-n'
ECHO_T=''
EGREP='/usr/bin/grep -E'
ETAGS='etags'
EXEEXT=''
FFTW3_CFLAGS=''
FFTW3_INCFLAGS=''
FFTW3_LDFLAGS=''
FFTW3_LIB=''
FGREP='/usr/bin/grep -F'
FILECMD='file'
GREP='/usr/bin/grep'
HAVE_PKGCONFIG_FALSE='#'
HAVE_PKGCONFIG_TRUE=''
INSTALL_DATA='${INSTALL} -m 644'
INSTALL_PROGRAM='${INSTALL}'
INSTALL_SCRIPT='${INSTALL}'
INSTALL_STRIP_PROGRAM='$(install_sh) -c -s'
LD='/usr/bin/ld -m elf_x86_64'
LDFLAGS=''
LIBOBJS=''
LIBS='-lm '
LIBTOOL='$(SHELL) $(top_builddir)/libtool'
LIBTOOL_DEPS='.//ltmain.sh'
LIPO=''
LN_S='ln -s'
LTLIBOBJS=''
LT_SYS_LIBRARY_PATH=''
MAKEINFO='${SHELL} '\''/home/keith/Git/libaacplus/missing'\'' makeinfo'
MANIFEST_TOOL=':'
MKDIR_P='/usr/bin/mkdir -p'
NM='/usr/bin/nm -B'
NMEDIT=''
OBJDUMP='objdump'
OBJEXT='o'
OPT=''
OTOOL64=''
OTOOL=''
PACKAGE='libaacplus'
PACKAGE_BUGREPORT='Sergiy Guriev <piratfm@ua.fm>'
PACKAGE_NAME='libaacplus'
PACKAGE_STRING='libaacplus 2.0.2'
PACKAGE_TARNAME='libaacplus'
PACKAGE_URL=''
PACKAGE_VERSION='2.0.2'
PARAMETER_EXPANSION_STRING_REPLACE_CAPABLE_SHELL='/bin/bash'
PATCH='/usr/bin/patch'
PATH_SEPARATOR=':'
PKGCONFIG='yes'
PROFILE=''
RANLIB='ranlib'
SED='/usr/bin/sed'
SET_MAKE=''
SHELL='/bin/sh'
STRIP='strip'
UNZIP='/usr/bin/unzip'
VERSION='2.0.2'
ac_ct_AR='ar'
ac_ct_CC='gcc'
ac_ct_DUMPBIN=''
am__EXEEXT_FALSE=''
am__EXEEXT_TRUE='#'
am__fastdepCC_FALSE='#'
am__fastdepCC_TRUE=''
am__include='include'
am__isrc=''
am__leading_dot='.'
am__nodep='_no'
am__quote=''
am__tar='$${TAR-tar} chof - "$$tardir"'
am__untar='$${TAR-tar} xf -'
bindir='${exec_prefix}/bin'
build='x86_64-unknown-linux-gnu'
build_alias=''
build_cpu='x86_64'
build_os='linux-gnu'
build_vendor='unknown'
datadir='${datarootdir}'
datarootdir='${prefix}/share'
docdir='${datarootdir}/doc/${PACKAGE_TARNAME}'
dvidir='${docdir}'
exec_prefix='${prefix}'
host='x86_64-unknown-linux-gnu'
host_alias=''
host_cpu='x86_64'
host_os='linux-gnu'
host_vendor='unknown'
htmldir='${docdir}'
includedir='${prefix}/include'
infodir='${datarootdir}/info'
install_sh='${SHELL} /home/keith/Git/libaacplus/install-sh'
libdir='${exec_prefix}/lib'
libexecdir='${exec_prefix}/libexec'
localedir='${datarootdir}/locale'
localstatedir='${prefix}/var'
mandir='${datarootdir}/man'
mkdir_p='$(MKDIR_P)'
oldincludedir='/usr/include'
pdfdir='${docdir}'
prefix='/usr/local'
program_transform_name='s,x,x,'
psdir='${docdir}'
runstatedir='${localstatedir}/run'
sbindir='${exec_prefix}/sbin'
sharedstatedir='${prefix}/com'
sysconfdir='${prefix}/etc'
target_alias=''

## ----------- ##
## confdefs.h. ##
## ----------- ##

/* confdefs.h */
#define PACKAGE_NAME "libaacplus"
#define PACKAGE_TARNAME "libaacplus"
#define PACKAGE_VERSION "2.0.2"
#define PACKAGE_STRING "libaacplus 2.0.2"
#define PACKAGE_BUGREPORT "Sergiy Guriev <piratfm@ua.fm>"
#define PACKAGE_URL ""
#define PACKAGE "libaacplus"
#define VERSION "2.0.2"
#define HAVE_STDIO_H 1
#define HAVE_STDLIB_H 1
#define HAVE_STRING_H 1
#define HAVE_INTTYPES_H 1
#define HAVE_STDINT_H 1
#define HAVE_STRINGS_H 1
#define HAVE_SYS_STAT_H 1
#define HAVE_SYS_TYPES_H 1
#define HAVE_UNISTD_H 1
#define STDC_HEADERS 1
#define HAVE_DLFCN_H 1
#define LT_OBJDIR ".libs/"
#define HAVE_FLOAT_H 1
#define HAVE_MEMORY_H 1
#define HAVE_STDINT_H 1
#define HAVE_STDLIB_H 1
#define HAVE_STRING_H 1
#define HAVE_MALLOC 1
#define HAVE_FLOOR 1
#define HAVE_MEMMOVE 1
#define HAVE_MEMSET 1
#define HAVE_POW 1
#define HAVE_SQRT 1

configure: exit 0
